[0.000000] (-) TimerEvent: {}
[0.000600] (inspection_mission) JobQueued: {'identifier': 'inspection_mission', 'dependencies': OrderedDict({'inspection_mission': '/home/vincent/gz/ws_inspect/install/inspection_mission'})}
[0.000654] (inspection_thermal) JobQueued: {'identifier': 'inspection_thermal', 'dependencies': OrderedDict({'inspection_thermal': '/home/vincent/gz/ws_inspect/install/inspection_thermal'})}
[0.000671] (inspection_mission) JobStarted: {'identifier': 'inspection_mission'}
[0.005800] (inspection_thermal) JobStarted: {'identifier': 'inspection_thermal'}
[0.099717] (-) TimerEvent: {}
[0.199880] (-) TimerEvent: {}
[0.226593] (inspection_thermal) Command: {'cmd': ['/usr/bin/python3', '-m', 'pytest'], 'cwd': '/home/vincent/gz/ws_inspect/src/inspection_thermal', 'env': {'LESSOPEN': '| /usr/bin/lesspipe %s', 'CONDA_PROMPT_MODIFIER': '(ros2)', 'GZ_SIM_RESOURCE_PATH': '/opt/ros/jazzy/share', 'USER': 'vincent', 'GZ_CONFIG_PATH': '/opt/ros/jazzy/opt/gz_sim_vendor/share/gz:/opt/ros/jazzy/opt/sdformat_vendor/share/gz:/opt/ros/jazzy/opt/gz_gui_vendor/share/gz:/opt/ros/jazzy/opt/gz_transport_vendor/share/gz:/opt/ros/jazzy/opt/gz_rendering_vendor/share/gz:/opt/ros/jazzy/opt/gz_plugin_vendor/share/gz:/opt/ros/jazzy/opt/gz_fuel_tools_vendor/share/gz:/opt/ros/jazzy/opt/gz_msgs_vendor/share/gz:/opt/ros/jazzy/opt/gz_common_vendor/share/gz', 'SHLVL': '1', 'LD_LIBRARY_PATH': '/opt/ros/jazzy/opt/gz_sim_vendor/lib:/opt/ros/jazzy/opt/gz_sensors_vendor/lib:/opt/ros/jazzy/opt/gz_physics_vendor/lib:/opt/ros/jazzy/opt/sdformat_vendor/lib:/opt/ros/jazzy/opt/gz_gui_vendor/lib:/opt/ros/jazzy/opt/gz_transport_vendor/lib:/opt/ros/jazzy/opt/gz_rendering_vendor/lib:/opt/ros/jazzy/opt/gz_plugin_vendor/lib:/opt/ros/jazzy/opt/gz_fuel_tools_vendor/lib:/opt/ros/jazzy/opt/gz_msgs_vendor/lib:/opt/ros/jazzy/opt/gz_common_vendor/lib:/opt/ros/jazzy/opt/gz_tools_vendor/lib:/opt/ros/jazzy/opt/gz_ogre_next_vendor/lib:/opt/ros/jazzy/opt/gz_dartsim_vendor/lib:/opt/ros/jazzy/opt/rviz_ogre_vendor/lib:/opt/ros/jazzy/lib/x86_64-linux-gnu:/opt/ros/jazzy/opt/gz_math_vendor/lib:/opt/ros/jazzy/opt/gz_utils_vendor/lib:/opt/ros/jazzy/opt/gz_cmake_vendor/lib:/opt/ros/jazzy/lib', 'HOME': '/home/vincent', 'CONDA_SHLVL': '4', 'OLDPWD': '/home/vincent', 'NVM_BIN': '/home/vincent/.nvm/versions/node/v22.19.0/bin', 'NVM_INC': '/home/vincent/.nvm/versions/node/v22.19.0/include/node', 'ROS_PYTHON_VERSION': '3', 'DBUS_SESSION_BUS_ADDRESS': 'unix:path=/run/user/1000/bus', '_CE_M': '', 'WSL_DISTRO_NAME': 'Ubuntu-24.04', '_CONDA_ROOT': '/home/vincent/miniconda3', 'NVM_DIR': '/home/vincent/.nvm', 'WAYLAND_DISPLAY': 'wayland-0', 'ROS_DISTRO': 'jazzy', 'LOGNAME': 'vincent', 'NAME': 'vincent-PC18', 'WSL_INTEROP': '/run/WSL/307_interop', 'PULSE_SERVER': 'unix:/mnt/wslg/PulseServer', '_': '/usr/bin/colcon', 'ROS_VERSION': '2', 'TERM': 'xterm-256color', '_CE_CONDA': '', 'PATH': '/home/vincent/gz/ws_inspect/install/inspection_thermal/bin:/opt/ros/jazzy/opt/gz_msgs_vendor/bin:/opt/ros/jazzy/opt/gz_tools_vendor/bin:/opt/ros/jazzy/opt/gz_ogre_next_vendor/bin:/tmp/.tmpvO9kxp:/home/vincent/.nvm/versions/node/v22.19.0/lib/node_modules/@openai/codex/vendor/x86_64-unknown-linux-musl/path:/opt/ros/jazzy/bin:/home/vincent/miniconda3/envs/ros2/bin:/home/vincent/miniconda3/condabin:/home/vincent/.nvm/versions/node/v22.19.0/bin:/usr/local/sbin:/usr/local/bin:/usr/sbin:/usr/bin:/sbin:/bin:/usr/games:/usr/local/games:/usr/lib/wsl/lib:/mnt/c/Users/vincent/miniconda3:/mnt/c/Users/vincent/miniconda3/Library/mingw-w64/bin:/mnt/c/Users/vincent/miniconda3/Library/usr/bin:/mnt/c/Users/vincent/miniconda3/Library/bin:/mnt/c/Users/vincent/miniconda3/Scripts:/mnt/c/Users/vincent/miniconda3/bin:/mnt/c/Users/vincent/miniconda3/condabin:/mnt/c/Program Files/PowerShell/7:/mnt/c/WINDOWS/system32:/mnt/c/WINDOWS:/mnt/c/WINDOWS/System32/Wbem:/mnt/c/WINDOWS/System32/WindowsPowerShell/v1.0:/mnt/c/WINDOWS/System32/OpenSSH:/mnt/c/WINDOWS/system32/config/systemprofile/AppData/Local/Microsoft/WindowsApps:/mnt/c/windows/system32/HWAudioDriver:/mnt/c/Program Files/dotnet:/mnt/c/Program Files/PowerShell/7:/mnt/d/Users/vincent/AppData/Local/Programs/Trae CN/bin:/mnt/c/Users/vincent/AppData/Local/Microsoft/WindowsApps:/snap/bin', 'XDG_RUNTIME_DIR': '/run/user/1000/', 'DISPLAY': ':0', 'CODEX_SANDBOX_NETWORK_DISABLED': '1', 'LANG': 'C.UTF-8', 'CONDA_PREFIX_1': '/home/vincent/miniconda3', 'RMW_IMPLEMENTATION': 'rmw_fastrtps_cpp', 'LS_COLORS': 'rs=0:di=01;34:ln=01;36:mh=00:pi=40;33:so=01;35:do=01;35:bd=40;33;01:cd=40;33;01:or=40;31;01:mi=00:su=37;41:sg=30;43:ca=00:tw=30;42:ow=34;42:st=37;44:ex=01;32:*.tar=01;31:*.tgz=01;31:*.arc=01;31:*.arj=01;31:*.taz=01;31:*.lha=01;31:*.lz4=01;31:*.lzh=01;31:*.lzma=01;31:*.tlz=01;31:*.txz=01;31:*.tzo=01;31:*.t7z=01;31:*.zip=01;31:*.z=01;31:*.dz=01;31:*.gz=01;31:*.lrz=01;31:*.lz=01;31:*.lzo=01;31:*.xz=01;31:*.zst=01;31:*.tzst=01;31:*.bz2=01;31:*.bz=01;31:*.tbz=01;31:*.tbz2=01;31:*.tz=01;31:*.deb=01;31:*.rpm=01;31:*.jar=01;31:*.war=01;31:*.ear=01;31:*.sar=01;31:*.rar=01;31:*.alz=01;31:*.ace=01;31:*.zoo=01;31:*.cpio=01;31:*.7z=01;31:*.rz=01;31:*.cab=01;31:*.wim=01;31:*.swm=01;31:*.dwm=01;31:*.esd=01;31:*.avif=01;35:*.jpg=01;35:*.jpeg=01;35:*.mjpg=01;35:*.mjpeg=01;35:*.gif=01;35:*.bmp=01;35:*.pbm=01;35:*.pgm=01;35:*.ppm=01;35:*.tga=01;35:*.xbm=01;35:*.xpm=01;35:*.tif=01;35:*.tiff=01;35:*.png=01;35:*.svg=01;35:*.svgz=01;35:*.mng=01;35:*.pcx=01;35:*.mov=01;35:*.mpg=01;35:*.mpeg=01;35:*.m2v=01;35:*.mkv=01;35:*.webm=01;35:*.webp=01;35:*.ogm=01;35:*.mp4=01;35:*.m4v=01;35:*.mp4v=01;35:*.vob=01;35:*.qt=01;35:*.nuv=01;35:*.wmv=01;35:*.asf=01;35:*.rm=01;35:*.rmvb=01;35:*.flc=01;35:*.avi=01;35:*.fli=01;35:*.flv=01;35:*.gl=01;35:*.dl=01;35:*.xcf=01;35:*.xwd=01;35:*.yuv=01;35:*.cgm=01;35:*.emf=01;35:*.ogv=01;35:*.ogx=01;35:*.aac=00;36:*.au=00;36:*.flac=00;36:*.m4a=00;36:*.mid=00;36:*.midi=00;36:*.mka=00;36:*.mp3=00;36:*.mpc=00;36:*.ogg=00;36:*.ra=00;36:*.wav=00;36:*.oga=00;36:*.opus=00;36:*.spx=00;36:*.xspf=00;36:*~=00;90:*#=00;90:*.bak=00;90:*.crdownload=00;90:*.dpkg-dist=00;90:*.dpkg-new=00;90:*.dpkg-old=00;90:*.dpkg-tmp=00;90:*.old=00;90:*.orig=00;90:*.part=00;90:*.rej=00;90:*.rpmnew=00;90:*.rpmorig=00;90:*.rpmsave=00;90:*.swp=00;90:*.tmp=00;90:*.ucf-dist=00;90:*.ucf-new=00;90:*.ucf-old=00;90:', 'CONDA_PREFIX_2': '/home/vincent/miniconda3/envs/ros2', 'AMENT_PREFIX_PATH': '/home/vincent/gz/ws_inspect/install/inspection_thermal:/opt/ros/jazzy', 'CONDA_PYTHON_EXE': '/home/vincent/miniconda3/bin/python', 'CONDA_PREFIX_3': '/home/vincent/miniconda3', 'SHELL': '/bin/bash', 'LESSCLOSE': '/usr/bin/lesspipe %s %s', 'CONDA_DEFAULT_ENV': 'ros2', '_CONDA_EXE': '/home/vincent/miniconda3/bin/conda', 'ROS_AUTOMATIC_DISCOVERY_RANGE': 'SUBNET', 'PWD': '/home/vincent/gz/ws_inspect/build/inspection_thermal', 'CONDA_EXE': '/home/vincent/miniconda3/bin/conda', 'NVM_CD_FLAGS': '', 'XDG_DATA_DIRS': '/usr/local/share:/usr/share:/var/lib/snapd/desktop', 'PYTHONPATH': '/home/vincent/gz/ws_inspect/build/inspection_thermal/src:/home/vincent/gz/ws_inspect/install/inspection_thermal/lib/python3.12/site-packages:/opt/ros/jazzy/lib/python3.12/site-packages', 'CONDA_PREFIX': '/home/vincent/miniconda3/envs/ros2', 'COLCON': '1', 'WSL2_GUI_APPS_ENABLED': '1', 'CODEX_MANAGED_BY_NPM': '1', 'ROS_HOME': '/home/vincent/gz/.ros', 'HOSTTYPE': 'x86_64', 'CMAKE_PREFIX_PATH': '/opt/ros/jazzy/opt/gz_sim_vendor:/opt/ros/jazzy/opt/gz_sensors_vendor:/opt/ros/jazzy/opt/gz_physics_vendor:/opt/ros/jazzy/opt/sdformat_vendor:/opt/ros/jazzy/opt/gz_gui_vendor:/opt/ros/jazzy/opt/gz_transport_vendor:/opt/ros/jazzy/opt/gz_rendering_vendor:/opt/ros/jazzy/opt/gz_plugin_vendor:/opt/ros/jazzy/opt/gz_fuel_tools_vendor:/opt/ros/jazzy/opt/gz_msgs_vendor:/opt/ros/jazzy/opt/gz_common_vendor:/opt/ros/jazzy/opt/gz_tools_vendor:/opt/ros/jazzy/opt/gz_ogre_next_vendor:/opt/ros/jazzy/opt/gz_dartsim_vendor:/opt/ros/jazzy/opt/gz_math_vendor:/opt/ros/jazzy/opt/gz_utils_vendor:/opt/ros/jazzy/opt/gz_cmake_vendor', 'WSLENV': '', 'PYTHONDONTWRITEBYTECODE': '1', 'PYTEST_ADDOPTS': '--tb=short --junit-xml=/home/vincent/gz/ws_inspect/build/inspection_thermal/pytest.xml --junit-prefix=inspection_thermal -o cache_dir=/home/vincent/gz/ws_inspect/build/inspection_thermal/.pytest_cache'}, 'shell': False}
[0.305163] (-) TimerEvent: {}
[0.405322] (-) TimerEvent: {}
[0.436456] (inspection_mission) Command: {'cmd': ['/usr/bin/python3', '-m', 'pytest'], 'cwd': '/home/vincent/gz/ws_inspect/src/inspection_mission', 'env': {'LESSOPEN': '| /usr/bin/lesspipe %s', 'CONDA_PROMPT_MODIFIER': '(ros2)', 'GZ_SIM_RESOURCE_PATH': '/opt/ros/jazzy/share', 'USER': 'vincent', 'GZ_CONFIG_PATH': '/opt/ros/jazzy/opt/gz_sim_vendor/share/gz:/opt/ros/jazzy/opt/sdformat_vendor/share/gz:/opt/ros/jazzy/opt/gz_gui_vendor/share/gz:/opt/ros/jazzy/opt/gz_transport_vendor/share/gz:/opt/ros/jazzy/opt/gz_rendering_vendor/share/gz:/opt/ros/jazzy/opt/gz_plugin_vendor/share/gz:/opt/ros/jazzy/opt/gz_fuel_tools_vendor/share/gz:/opt/ros/jazzy/opt/gz_msgs_vendor/share/gz:/opt/ros/jazzy/opt/gz_common_vendor/share/gz', 'SHLVL': '1', 'LD_LIBRARY_PATH': '/opt/ros/jazzy/opt/gz_sim_vendor/lib:/opt/ros/jazzy/opt/gz_sensors_vendor/lib:/opt/ros/jazzy/opt/gz_physics_vendor/lib:/opt/ros/jazzy/opt/sdformat_vendor/lib:/opt/ros/jazzy/opt/gz_gui_vendor/lib:/opt/ros/jazzy/opt/gz_transport_vendor/lib:/opt/ros/jazzy/opt/gz_rendering_vendor/lib:/opt/ros/jazzy/opt/gz_plugin_vendor/lib:/opt/ros/jazzy/opt/gz_fuel_tools_vendor/lib:/opt/ros/jazzy/opt/gz_msgs_vendor/lib:/opt/ros/jazzy/opt/gz_common_vendor/lib:/opt/ros/jazzy/opt/gz_tools_vendor/lib:/opt/ros/jazzy/opt/gz_ogre_next_vendor/lib:/opt/ros/jazzy/opt/gz_dartsim_vendor/lib:/opt/ros/jazzy/opt/rviz_ogre_vendor/lib:/opt/ros/jazzy/lib/x86_64-linux-gnu:/opt/ros/jazzy/opt/gz_math_vendor/lib:/opt/ros/jazzy/opt/gz_utils_vendor/lib:/opt/ros/jazzy/opt/gz_cmake_vendor/lib:/opt/ros/jazzy/lib', 'HOME': '/home/vincent', 'CONDA_SHLVL': '4', 'OLDPWD': '/home/vincent', 'NVM_BIN': '/home/vincent/.nvm/versions/node/v22.19.0/bin', 'NVM_INC': '/home/vincent/.nvm/versions/node/v22.19.0/include/node', 'ROS_PYTHON_VERSION': '3', 'DBUS_SESSION_BUS_ADDRESS': 'unix:path=/run/user/1000/bus', '_CE_M': '', 'WSL_DISTRO_NAME': 'Ubuntu-24.04', '_CONDA_ROOT': '/home/vincent/miniconda3', 'NVM_DIR': '/home/vincent/.nvm', 'WAYLAND_DISPLAY': 'wayland-0', 'ROS_DISTRO': 'jazzy', 'LOGNAME': 'vincent', 'NAME': 'vincent-PC18', 'WSL_INTEROP': '/run/WSL/307_interop', 'PULSE_SERVER': 'unix:/mnt/wslg/PulseServer', '_': '/usr/bin/colcon', 'ROS_VERSION': '2', 'TERM': 'xterm-256color', '_CE_CONDA': '', 'PATH': '/home/vincent/gz/ws_inspect/install/inspection_mission/bin:/opt/ros/jazzy/opt/gz_msgs_vendor/bin:/opt/ros/jazzy/opt/gz_tools_vendor/bin:/opt/ros/jazzy/opt/gz_ogre_next_vendor/bin:/tmp/.tmpvO9kxp:/home/vincent/.nvm/versions/node/v22.19.0/lib/node_modules/@openai/codex/vendor/x86_64-unknown-linux-musl/path:/opt/ros/jazzy/bin:/home/vincent/miniconda3/envs/ros2/bin:/home/vincent/miniconda3/condabin:/home/vincent/.nvm/versions/node/v22.19.0/bin:/usr/local/sbin:/usr/local/bin:/usr/sbin:/usr/bin:/sbin:/bin:/usr/games:/usr/local/games:/usr/lib/wsl/lib:/mnt/c/Users/vincent/miniconda3:/mnt/c/Users/vincent/miniconda3/Library/mingw-w64/bin:/mnt/c/Users/vincent/miniconda3/Library/usr/bin:/mnt/c/Users/vincent/miniconda3/Library/bin:/mnt/c/Users/vincent/miniconda3/Scripts:/mnt/c/Users/vincent/miniconda3/bin:/mnt/c/Users/vincent/miniconda3/condabin:/mnt/c/Program Files/PowerShell/7:/mnt/c/WINDOWS/system32:/mnt/c/WINDOWS:/mnt/c/WINDOWS/System32/Wbem:/mnt/c/WINDOWS/System32/WindowsPowerShell/v1.0:/mnt/c/WINDOWS/System32/OpenSSH:/mnt/c/WINDOWS/system32/config/systemprofile/AppData/Local/Microsoft/WindowsApps:/mnt/c/windows/system32/HWAudioDriver:/mnt/c/Program Files/dotnet:/mnt/c/Program Files/PowerShell/7:/mnt/d/Users/vincent/AppData/Local/Programs/Trae CN/bin:/mnt/c/Users/vincent/AppData/Local/Microsoft/WindowsApps:/snap/bin', 'XDG_RUNTIME_DIR': '/run/user/1000/', 'DISPLAY': ':0', 'CODEX_SANDBOX_NETWORK_DISABLED': '1', 'LANG': 'C.UTF-8', 'CONDA_PREFIX_1': '/home/vincent/miniconda3', 'RMW_IMPLEMENTATION': 'rmw_fastrtps_cpp', 'LS_COLORS': 'rs=0:di=01;34:ln=01;36:mh=00:pi=40;33:so=01;35:do=01;35:bd=40;33;01:cd=40;33;01:or=40;31;01:mi=00:su=37;41:sg=30;43:ca=00:tw=30;42:ow=34;42:st=37;44:ex=01;32:*.tar=01;31:*.tgz=01;31:*.arc=01;31:*.arj=01;31:*.taz=01;31:*.lha=01;31:*.lz4=01;31:*.lzh=01;31:*.lzma=01;31:*.tlz=01;31:*.txz=01;31:*.tzo=01;31:*.t7z=01;31:*.zip=01;31:*.z=01;31:*.dz=01;31:*.gz=01;31:*.lrz=01;31:*.lz=01;31:*.lzo=01;31:*.xz=01;31:*.zst=01;31:*.tzst=01;31:*.bz2=01;31:*.bz=01;31:*.tbz=01;31:*.tbz2=01;31:*.tz=01;31:*.deb=01;31:*.rpm=01;31:*.jar=01;31:*.war=01;31:*.ear=01;31:*.sar=01;31:*.rar=01;31:*.alz=01;31:*.ace=01;31:*.zoo=01;31:*.cpio=01;31:*.7z=01;31:*.rz=01;31:*.cab=01;31:*.wim=01;31:*.swm=01;31:*.dwm=01;31:*.esd=01;31:*.avif=01;35:*.jpg=01;35:*.jpeg=01;35:*.mjpg=01;35:*.mjpeg=01;35:*.gif=01;35:*.bmp=01;35:*.pbm=01;35:*.pgm=01;35:*.ppm=01;35:*.tga=01;35:*.xbm=01;35:*.xpm=01;35:*.tif=01;35:*.tiff=01;35:*.png=01;35:*.svg=01;35:*.svgz=01;35:*.mng=01;35:*.pcx=01;35:*.mov=01;35:*.mpg=01;35:*.mpeg=01;35:*.m2v=01;35:*.mkv=01;35:*.webm=01;35:*.webp=01;35:*.ogm=01;35:*.mp4=01;35:*.m4v=01;35:*.mp4v=01;35:*.vob=01;35:*.qt=01;35:*.nuv=01;35:*.wmv=01;35:*.asf=01;35:*.rm=01;35:*.rmvb=01;35:*.flc=01;35:*.avi=01;35:*.fli=01;35:*.flv=01;35:*.gl=01;35:*.dl=01;35:*.xcf=01;35:*.xwd=01;35:*.yuv=01;35:*.cgm=01;35:*.emf=01;35:*.ogv=01;35:*.ogx=01;35:*.aac=00;36:*.au=00;36:*.flac=00;36:*.m4a=00;36:*.mid=00;36:*.midi=00;36:*.mka=00;36:*.mp3=00;36:*.mpc=00;36:*.ogg=00;36:*.ra=00;36:*.wav=00;36:*.oga=00;36:*.opus=00;36:*.spx=00;36:*.xspf=00;36:*~=00;90:*#=00;90:*.bak=00;90:*.crdownload=00;90:*.dpkg-dist=00;90:*.dpkg-new=00;90:*.dpkg-old=00;90:*.dpkg-tmp=00;90:*.old=00;90:*.orig=00;90:*.part=00;90:*.rej=00;90:*.rpmnew=00;90:*.rpmorig=00;90:*.rpmsave=00;90:*.swp=00;90:*.tmp=00;90:*.ucf-dist=00;90:*.ucf-new=00;90:*.ucf-old=00;90:', 'CONDA_PREFIX_2': '/home/vincent/miniconda3/envs/ros2', 'AMENT_PREFIX_PATH': '/home/vincent/gz/ws_inspect/install/inspection_mission:/opt/ros/jazzy', 'CONDA_PYTHON_EXE': '/home/vincent/miniconda3/bin/python', 'CONDA_PREFIX_3': '/home/vincent/miniconda3', 'SHELL': '/bin/bash', 'LESSCLOSE': '/usr/bin/lesspipe %s %s', 'CONDA_DEFAULT_ENV': 'ros2', '_CONDA_EXE': '/home/vincent/miniconda3/bin/conda', 'ROS_AUTOMATIC_DISCOVERY_RANGE': 'SUBNET', 'PWD': '/home/vincent/gz/ws_inspect/build/inspection_mission', 'CONDA_EXE': '/home/vincent/miniconda3/bin/conda', 'NVM_CD_FLAGS': '', 'XDG_DATA_DIRS': '/usr/local/share:/usr/share:/var/lib/snapd/desktop', 'PYTHONPATH': '/home/vincent/gz/ws_inspect/build/inspection_mission/src:/home/vincent/gz/ws_inspect/install/inspection_mission/lib/python3.12/site-packages:/opt/ros/jazzy/lib/python3.12/site-packages', 'CONDA_PREFIX': '/home/vincent/miniconda3/envs/ros2', 'COLCON': '1', 'WSL2_GUI_APPS_ENABLED': '1', 'CODEX_MANAGED_BY_NPM': '1', 'ROS_HOME': '/home/vincent/gz/.ros', 'HOSTTYPE': 'x86_64', 'CMAKE_PREFIX_PATH': '/opt/ros/jazzy/opt/gz_sim_vendor:/opt/ros/jazzy/opt/gz_sensors_vendor:/opt/ros/jazzy/opt/gz_physics_vendor:/opt/ros/jazzy/opt/sdformat_vendor:/opt/ros/jazzy/opt/gz_gui_vendor:/opt/ros/jazzy/opt/gz_transport_vendor:/opt/ros/jazzy/opt/gz_rendering_vendor:/opt/ros/jazzy/opt/gz_plugin_vendor:/opt/ros/jazzy/opt/gz_fuel_tools_vendor:/opt/ros/jazzy/opt/gz_msgs_vendor:/opt/ros/jazzy/opt/gz_common_vendor:/opt/ros/jazzy/opt/gz_tools_vendor:/opt/ros/jazzy/opt/gz_ogre_next_vendor:/opt/ros/jazzy/opt/gz_dartsim_vendor:/opt/ros/jazzy/opt/gz_math_vendor:/opt/ros/jazzy/opt/gz_utils_vendor:/opt/ros/jazzy/opt/gz_cmake_vendor', 'WSLENV': '', 'PYTHONDONTWRITEBYTECODE': '1', 'PYTEST_ADDOPTS': '--tb=short --junit-xml=/home/vincent/gz/ws_inspect/build/inspection_mission/pytest.xml --junit-prefix=inspection_mission -o cache_dir=/home/vincent/gz/ws_inspect/build/inspection_mission/.pytest_cache'}, 'shell': False}
[0.505401] (-) TimerEvent: {}
[0.605546] (-) TimerEvent: {}
[0.709160] (-) TimerEvent: {}
[0.809305] (-) TimerEvent: {}
[0.868489] (inspection_thermal) StdoutLine: {'line': b'============================= test session starts ==============================\n'}
[0.868674] (inspection_thermal) StdoutLine: {'line': b'platform linux -- Python 3.12.3, pytest-7.4.4, pluggy-1.4.0\n'}
[0.868733] (inspection_thermal) StdoutLine: {'line': b'cachedir: /home/vincent/gz/ws_inspect/build/inspection_thermal/.pytest_cache\n'}
[0.868793] (inspection_thermal) StdoutLine: {'line': b'rootdir: /home/vincent/gz/ws_inspect/src/inspection_thermal\n'}
[0.868851] (inspection_thermal) StdoutLine: {'line': b'plugins: launch-testing-ros-0.26.9, ament-pep257-0.17.3, ament-lint-0.17.3, launch-testing-3.4.6, ament-copyright-0.17.3, ament-xmllint-0.17.3, ament-flake8-0.17.3, colcon-core-0.20.0, cov-4.1.0\n'}
[0.868905] (inspection_thermal) StdoutLine: {'line': b'collected 1 item\n'}
[0.868957] (inspection_thermal) StdoutLine: {'line': b'\n'}
[0.910128] (-) TimerEvent: {}
[0.939425] (inspection_thermal) StderrLine: {'line': b'=============================== warnings summary ===============================\n'}
[0.939725] (inspection_thermal) StderrLine: {'line': b'tests/test_thermal_alarm.py::test_alarm_engages_and_clears\n'}
[0.939843] (inspection_thermal) StderrLine: {'line': b'  Warning: Failed to fini rosout publisher: rcl node implementation is invalid, at ./src/rcl/node.c:390\n'}
[0.939931] (inspection_thermal) StderrLine: {'line': b'\n'}
[0.940018] (inspection_thermal) StderrLine: {'line': b'-- Docs: https://docs.pytest.org/en/stable/how-to/capture-warnings.html\n'}
[0.940105] (inspection_thermal) StdoutLine: {'line': b'tests/test_thermal_alarm.py F                                            [100%]\n'}
[0.940203] (inspection_thermal) StdoutLine: {'line': b'\n'}
[0.940332] (inspection_thermal) StdoutLine: {'line': b'=================================== FAILURES ===================================\n'}
[0.940423] (inspection_thermal) StdoutLine: {'line': b'________________________ test_alarm_engages_and_clears _________________________\n'}
[0.940508] (inspection_thermal) StdoutLine: {'line': b'tests/test_thermal_alarm.py:26: in test_alarm_engages_and_clears\n'}
[0.940595] (inspection_thermal) StdoutLine: {'line': b'    node = ThermalAlarmNode(pose_provider=provider)\n'}
[0.940679] (inspection_thermal) StdoutLine: {'line': b'src/inspection_thermal/thermal_alarm_node.py:31: in __init__\n'}
[0.940742] (inspection_thermal) StdoutLine: {'line': b'    super().__init__("thermal_alarm_node")\n'}
[0.940821] (inspection_thermal) StdoutLine: {'line': b'/opt/ros/jazzy/lib/python3.12/site-packages/rclpy/node.py:187: in __init__\n'}
[0.940888] (inspection_thermal) StdoutLine: {'line': b'    self.__node = _rclpy.Node(\n'}
[0.940953] (inspection_thermal) StdoutLine: {'line': b'E   rclpy._rclpy_pybind11.RCLError: error creating node: __create_participant failed to create participant, at ./src/participant.cpp:107, at ./src/rcl/node.c:252\n'}
[0.941017] (inspection_thermal) StdoutLine: {'line': b'----------------------------- Captured stdout call -----------------------------\n'}
[0.944550] (inspection_thermal) StdoutLine: {'line': b'\x1b[37;1m2025-10-03 01:00:49.262 \x1b[31;1m[\x1b[37;1mRTPS_TRANSPORT_SHM\x1b[31;1m Error] \x1b[37mFailed to create segment 78d759857216180e: Permission denied\x1b[34;1m -> Function \x1b[36mcompute_per_allocation_extra_size\x1b[m\n'}
[0.944777] (inspection_thermal) StdoutLine: {'line': b'\x1b[37;1m2025-10-03 01:00:49.262 \x1b[31;1m[\x1b[37;1mRTPS_TRANSPORT_SHM\x1b[31;1m Error] \x1b[37mFailed to create Shared Memory Manager for domain fastrtps: Permission denied\x1b[34;1m -> Function \x1b[36mcreate\x1b[m\n'}
[0.944868] (inspection_thermal) StdoutLine: {'line': b'\x1b[37;1m2025-10-03 01:00:49.262 \x1b[31;1m[\x1b[37;1mRTPS_PARTICIPANT\x1b[31;1m Error] \x1b[37mUnable to Register SHM Transport. SHM Transport is not supported in the current platform.\x1b[34;1m -> Function \x1b[36mRTPSParticipantImpl\x1b[m\n'}
[0.944934] (inspection_thermal) StdoutLine: {'line': b'\x1b[37;1m2025-10-03 01:00:49.262 \x1b[31;1m[\x1b[37;1mTRANSPORT_UDP\x1b[31;1m Error] \x1b[37mError creating socket: Operation not permitted\x1b[34;1m -> Function \x1b[36minit\x1b[m\n'}
[0.944998] (inspection_thermal) StdoutLine: {'line': b'\x1b[37;1m2025-10-03 01:00:49.262 \x1b[31;1m[\x1b[37;1mRTPS_PARTICIPANT\x1b[31;1m Error] \x1b[37mUser transport failed to register.\x1b[34;1m -> Function \x1b[36mRTPSParticipantImpl\x1b[m\n'}
[0.945064] (inspection_thermal) StdoutLine: {'line': b'\x1b[37;1m2025-10-03 01:00:49.262 \x1b[31;1m[\x1b[37;1mRTPS_PARTICIPANT\x1b[31;1m Error] \x1b[37mCannot create participant due to initialization error\x1b[34;1m -> Function \x1b[36mcreateParticipant\x1b[m\n'}
[0.945418] (inspection_thermal) StdoutLine: {'line': b'\x1b[37;1m2025-10-03 01:00:49.262 \x1b[31;1m[\x1b[37;1mDOMAIN_PARTICIPANT\x1b[31;1m Error] \x1b[37mProblem creating RTPSParticipant\x1b[34;1m -> Function \x1b[36menable\x1b[m\n'}
[0.945492] (inspection_thermal) StdoutLine: {'line': b'----------------------------- Captured stderr call -----------------------------\n'}
[0.945553] (inspection_thermal) StdoutLine: {'line': b'getifaddrs: Operation not permitted\n'}
[0.945613] (inspection_thermal) StdoutLine: {'line': b'getifaddrs: Operation not permitted\n'}
[0.945671] (inspection_thermal) StdoutLine: {'line': b'getifaddrs: Operation not permitted\n'}
[0.945739] (inspection_thermal) StdoutLine: {'line': b'- generated xml file: /home/vincent/gz/ws_inspect/build/inspection_thermal/pytest.xml -\n'}
[0.945799] (inspection_thermal) StdoutLine: {'line': b'=========================== short test summary info ============================\n'}
[0.945861] (inspection_thermal) StdoutLine: {'line': b'FAILED tests/test_thermal_alarm.py::test_alarm_engages_and_clears - rclpy._rc...\n'}
[0.945922] (inspection_thermal) StdoutLine: {'line': b'========================= 1 failed, 1 warning in 0.41s =========================\n'}
[1.017162] (-) TimerEvent: {}
[1.048811] (inspection_mission) StdoutLine: {'line': b'============================= test session starts ==============================\n'}
[1.048970] (inspection_mission) StdoutLine: {'line': b'platform linux -- Python 3.12.3, pytest-7.4.4, pluggy-1.4.0\n'}
[1.049020] (inspection_mission) StdoutLine: {'line': b'cachedir: /home/vincent/gz/ws_inspect/build/inspection_mission/.pytest_cache\n'}
[1.049062] (inspection_mission) StdoutLine: {'line': b'rootdir: /home/vincent/gz/ws_inspect/src/inspection_mission\n'}
[1.049123] (inspection_mission) StdoutLine: {'line': b'plugins: launch-testing-ros-0.26.9, ament-pep257-0.17.3, ament-lint-0.17.3, launch-testing-3.4.6, ament-copyright-0.17.3, ament-xmllint-0.17.3, ament-flake8-0.17.3, colcon-core-0.20.0, cov-4.1.0\n'}
[1.049173] (inspection_mission) StdoutLine: {'line': b'collected 2 items\n'}
[1.049214] (inspection_mission) StdoutLine: {'line': b'\n'}
[1.116407] (inspection_mission) StderrLine: {'line': b'=============================== warnings summary ===============================\n'}
[1.116543] (inspection_mission) StderrLine: {'line': b'tests/test_mission_node.py::test_waypoint_sequence_advances_and_completes\n'}
[1.116588] (inspection_mission) StderrLine: {'line': b'tests/test_mission_node.py::test_alarm_triggers_cancel_when_requested\n'}
[1.116626] (inspection_mission) StderrLine: {'line': b'  Warning: Failed to fini rosout publisher: rcl node implementation is invalid, at ./src/rcl/node.c:390\n'}
[1.116664] (inspection_mission) StderrLine: {'line': b'\n'}
[1.116703] (inspection_mission) StderrLine: {'line': b'-- Docs: https://docs.pytest.org/en/stable/how-to/capture-warnings.html\n'}
[1.120109] (inspection_mission) StdoutLine: {'line': b'tests/test_mission_node.py FF                                            [100%]\n'}
[1.120235] (-) TimerEvent: {}
[1.120246] (inspection_mission) StdoutLine: {'line': b'\n'}
[1.120291] (inspection_mission) StdoutLine: {'line': b'=================================== FAILURES ===================================\n'}
[1.120332] (inspection_mission) StdoutLine: {'line': b'________________ test_waypoint_sequence_advances_and_completes _________________\n'}
[1.120372] (inspection_mission) StdoutLine: {'line': b'tests/test_mission_node.py:80: in test_waypoint_sequence_advances_and_completes\n'}
[1.120412] (inspection_mission) StdoutLine: {'line': b'    node = MissionNode(action_client_factory=lambda node: mock_client)\n'}
[1.120452] (inspection_mission) StdoutLine: {'line': b'src/inspection_mission/mission_node.py:37: in __init__\n'}
[1.120491] (inspection_mission) StdoutLine: {'line': b'    super().__init__("mission_node")\n'}
[1.120532] (inspection_mission) StdoutLine: {'line': b'/opt/ros/jazzy/lib/python3.12/site-packages/rclpy/node.py:187: in __init__\n'}
[1.120583] (inspection_mission) StdoutLine: {'line': b'    self.__node = _rclpy.Node(\n'}
[1.120624] (inspection_mission) StdoutLine: {'line': b'E   rclpy._rclpy_pybind11.RCLError: error creating node: __create_participant failed to create participant, at ./src/participant.cpp:107, at ./src/rcl/node.c:252\n'}
[1.120666] (inspection_mission) StdoutLine: {'line': b'----------------------------- Captured stdout call -----------------------------\n'}
[1.120706] (inspection_mission) StdoutLine: {'line': b'\x1b[37;1m2025-10-03 01:00:49.438 \x1b[31;1m[\x1b[37;1mRTPS_TRANSPORT_SHM\x1b[31;1m Error] \x1b[37mFailed to create segment 2e9a401eb9bdc360: Permission denied\x1b[34;1m -> Function \x1b[36mcompute_per_allocation_extra_size\x1b[m\n'}
[1.120748] (inspection_mission) StdoutLine: {'line': b'\x1b[37;1m2025-10-03 01:00:49.439 \x1b[31;1m[\x1b[37;1mRTPS_TRANSPORT_SHM\x1b[31;1m Error] \x1b[37mFailed to create Shared Memory Manager for domain fastrtps: Permission denied\x1b[34;1m -> Function \x1b[36mcreate\x1b[m\n'}
[1.120797] (inspection_mission) StdoutLine: {'line': b'\x1b[37;1m2025-10-03 01:00:49.439 \x1b[31;1m[\x1b[37;1mRTPS_PARTICIPANT\x1b[31;1m Error] \x1b[37mUnable to Register SHM Transport. SHM Transport is not supported in the current platform.\x1b[34;1m -> Function \x1b[36mRTPSParticipantImpl\x1b[m\n'}
[1.120838] (inspection_mission) StdoutLine: {'line': b'\x1b[37;1m2025-10-03 01:00:49.439 \x1b[31;1m[\x1b[37;1mTRANSPORT_UDP\x1b[31;1m Error] \x1b[37mError creating socket: Operation not permitted\x1b[34;1m -> Function \x1b[36minit\x1b[m\n'}
[1.120878] (inspection_mission) StdoutLine: {'line': b'\x1b[37;1m2025-10-03 01:00:49.439 \x1b[31;1m[\x1b[37;1mRTPS_PARTICIPANT\x1b[31;1m Error] \x1b[37mUser transport failed to register.\x1b[34;1m -> Function \x1b[36mRTPSParticipantImpl\x1b[m\n'}
[1.120918] (inspection_mission) StdoutLine: {'line': b'\x1b[37;1m2025-10-03 01:00:49.439 \x1b[31;1m[\x1b[37;1mRTPS_PARTICIPANT\x1b[31;1m Error] \x1b[37mCannot create participant due to initialization error\x1b[34;1m -> Function \x1b[36mcreateParticipant\x1b[m\n'}
[1.120958] (inspection_mission) StdoutLine: {'line': b'\x1b[37;1m2025-10-03 01:00:49.439 \x1b[31;1m[\x1b[37;1mDOMAIN_PARTICIPANT\x1b[31;1m Error] \x1b[37mProblem creating RTPSParticipant\x1b[34;1m -> Function \x1b[36menable\x1b[m\n'}
[1.120999] (inspection_mission) StdoutLine: {'line': b'----------------------------- Captured stderr call -----------------------------\n'}
[1.121039] (inspection_mission) StdoutLine: {'line': b'getifaddrs: Operation not permitted\n'}
[1.121086] (inspection_mission) StdoutLine: {'line': b'getifaddrs: Operation not permitted\n'}
[1.121152] (inspection_mission) StdoutLine: {'line': b'getifaddrs: Operation not permitted\n'}
[1.121201] (inspection_mission) StdoutLine: {'line': b'__________________ test_alarm_triggers_cancel_when_requested ___________________\n'}
[1.121240] (inspection_mission) StdoutLine: {'line': b'tests/test_mission_node.py:100: in test_alarm_triggers_cancel_when_requested\n'}
[1.121279] (inspection_mission) StdoutLine: {'line': b'    node = MissionNode(action_client_factory=lambda node: mock_client)\n'}
[1.121317] (inspection_mission) StdoutLine: {'line': b'src/inspection_mission/mission_node.py:37: in __init__\n'}
[1.121356] (inspection_mission) StdoutLine: {'line': b'    super().__init__("mission_node")\n'}
[1.121394] (inspection_mission) StdoutLine: {'line': b'/opt/ros/jazzy/lib/python3.12/site-packages/rclpy/node.py:187: in __init__\n'}
[1.121433] (inspection_mission) StdoutLine: {'line': b'    self.__node = _rclpy.Node(\n'}
[1.121501] (inspection_mission) StdoutLine: {'line': b'E   rclpy._rclpy_pybind11.RCLError: error creating node: __create_participant failed to create participant, at ./src/participant.cpp:107, at ./src/rcl/node.c:252\n'}
[1.121547] (inspection_mission) StdoutLine: {'line': b'----------------------------- Captured stdout call -----------------------------\n'}
[1.121589] (inspection_mission) StdoutLine: {'line': b'\x1b[37;1m2025-10-03 01:00:49.487 \x1b[31;1m[\x1b[37;1mRTPS_TRANSPORT_SHM\x1b[31;1m Error] \x1b[37mFailed to create segment 97d1bb1630dcb2c8: Permission denied\x1b[34;1m -> Function \x1b[36mcompute_per_allocation_extra_size\x1b[m\n'}
[1.121633] (inspection_mission) StdoutLine: {'line': b'\x1b[37;1m2025-10-03 01:00:49.487 \x1b[31;1m[\x1b[37;1mRTPS_TRANSPORT_SHM\x1b[31;1m Error] \x1b[37mFailed to create Shared Memory Manager for domain fastrtps: Permission denied\x1b[34;1m -> Function \x1b[36mcreate\x1b[m\n'}
[1.121676] (inspection_mission) StdoutLine: {'line': b'\x1b[37;1m2025-10-03 01:00:49.487 \x1b[31;1m[\x1b[37;1mRTPS_PARTICIPANT\x1b[31;1m Error] \x1b[37mUnable to Register SHM Transport. SHM Transport is not supported in the current platform.\x1b[34;1m -> Function \x1b[36mRTPSParticipantImpl\x1b[m\n'}
[1.121716] (inspection_mission) StdoutLine: {'line': b'\x1b[37;1m2025-10-03 01:00:49.487 \x1b[31;1m[\x1b[37;1mTRANSPORT_UDP\x1b[31;1m Error] \x1b[37mError creating socket: Operation not permitted\x1b[34;1m -> Function \x1b[36minit\x1b[m\n'}
[1.121759] (inspection_mission) StdoutLine: {'line': b'\x1b[37;1m2025-10-03 01:00:49.487 \x1b[31;1m[\x1b[37;1mRTPS_PARTICIPANT\x1b[31;1m Error] \x1b[37mUser transport failed to register.\x1b[34;1m -> Function \x1b[36mRTPSParticipantImpl\x1b[m\n'}
[1.121799] (inspection_mission) StdoutLine: {'line': b'\x1b[37;1m2025-10-03 01:00:49.487 \x1b[31;1m[\x1b[37;1mRTPS_PARTICIPANT\x1b[31;1m Error] \x1b[37mCannot create participant due to initialization error\x1b[34;1m -> Function \x1b[36mcreateParticipant\x1b[m\n'}
[1.121838] (inspection_mission) StdoutLine: {'line': b'\x1b[37;1m2025-10-03 01:00:49.487 \x1b[31;1m[\x1b[37;1mDOMAIN_PARTICIPANT\x1b[31;1m Error] \x1b[37mProblem creating RTPSParticipant\x1b[34;1m -> Function \x1b[36menable\x1b[m\n'}
[1.121877] (inspection_mission) StdoutLine: {'line': b'- generated xml file: /home/vincent/gz/ws_inspect/build/inspection_mission/pytest.xml -\n'}
[1.121916] (inspection_mission) StdoutLine: {'line': b'=========================== short test summary info ============================\n'}
[1.121955] (inspection_mission) StdoutLine: {'line': b'FAILED tests/test_mission_node.py::test_waypoint_sequence_advances_and_completes\n'}
[1.121993] (inspection_mission) StdoutLine: {'line': b'FAILED tests/test_mission_node.py::test_alarm_triggers_cancel_when_requested\n'}
[1.122031] (inspection_mission) StdoutLine: {'line': b'======================== 2 failed, 2 warnings in 0.39s =========================\n'}
[1.122071] (inspection_thermal) CommandEnded: {'returncode': 1}
[1.122256] (inspection_thermal) TestFailure: {'identifier': 'inspection_thermal'}
[1.122271] (inspection_thermal) JobEnded: {'identifier': 'inspection_thermal', 'rc': 0}
[1.220396] (-) TimerEvent: {}
[1.271709] (inspection_mission) CommandEnded: {'returncode': 1}
[1.271942] (inspection_mission) TestFailure: {'identifier': 'inspection_mission'}
[1.271958] (inspection_mission) JobEnded: {'identifier': 'inspection_mission', 'rc': 0}
[1.272217] (-) EventReactorShutdown: {}
