[0.402s] Invoking command in '/home/vincent/gz/ws_inspect/src/inspection_thermal': AMENT_PREFIX_PATH=/home/vincent/gz/ws_inspect/install/inspection_thermal:${AMENT_PREFIX_PATH} CONDA_PROMPT_MODIFIER=(ros2) PATH=/home/vincent/gz/ws_inspect/install/inspection_thermal/bin:${PATH} PYTEST_ADDOPTS=--tb=short --junit-xml=/home/vincent/gz/ws_inspect/build/inspection_thermal/pytest.xml --junit-prefix=inspection_thermal -o cache_dir=/home/vincent/gz/ws_inspect/build/inspection_thermal/.pytest_cache PYTHONDONTWRITEBYTECODE=1 PYTHONPATH=/home/vincent/gz/ws_inspect/build/inspection_thermal/src:/home/vincent/gz/ws_inspect/install/inspection_thermal/lib/python3.12/site-packages:${PYTHONPATH} /usr/bin/python3 -m pytest
[1.033s] ============================= test session starts ==============================
[1.033s] platform linux -- Python 3.12.3, pytest-7.4.4, pluggy-1.4.0
[1.033s] cachedir: /home/vincent/gz/ws_inspect/build/inspection_thermal/.pytest_cache
[1.033s] rootdir: /home/vincent/gz/ws_inspect/src/inspection_thermal
[1.033s] plugins: launch-testing-ros-0.26.9, ament-pep257-0.17.3, ament-lint-0.17.3, launch-testing-3.4.6, ament-copyright-0.17.3, ament-xmllint-0.17.3, ament-flake8-0.17.3, colcon-core-0.20.0, cov-4.1.0
[1.033s] collected 1 item
[1.033s] 
[1.087s] =============================== warnings summary ===============================
[1.087s] tests/test_thermal_alarm.py::test_alarm_engages_and_clears
[1.087s]   Warning: Failed to fini rosout publisher: rcl node implementation is invalid, at ./src/rcl/node.c:390
[1.087s] 
[1.087s] -- Docs: https://docs.pytest.org/en/stable/how-to/capture-warnings.html
[1.087s] tests/test_thermal_alarm.py F                                            [100%]
[1.087s] 
[1.088s] =================================== FAILURES ===================================
[1.088s] ________________________ test_alarm_engages_and_clears _________________________
[1.088s] tests/test_thermal_alarm.py:26: in test_alarm_engages_and_clears
[1.088s]     node = ThermalAlarmNode(pose_provider=provider)
[1.088s] src/inspection_thermal/thermal_alarm_node.py:31: in __init__
[1.088s]     super().__init__("thermal_alarm_node")
[1.088s] /opt/ros/jazzy/lib/python3.12/site-packages/rclpy/node.py:187: in __init__
[1.088s]     self.__node = _rclpy.Node(
[1.088s] E   rclpy._rclpy_pybind11.RCLError: error creating node: __create_participant failed to create participant, at ./src/participant.cpp:107, at ./src/rcl/node.c:252
[1.088s] ----------------------------- Captured stdout call -----------------------------
[1.088s] [37;1m2025-10-03 00:58:09.848 [31;1m[[37;1mRTPS_TRANSPORT_SHM[31;1m Error] [37mFailed to create segment 715bed8b1154bf42: Permission denied[34;1m -> Function [36mcompute_per_allocation_extra_size[m
[1.088s] [37;1m2025-10-03 00:58:09.849 [31;1m[[37;1mRTPS_TRANSPORT_SHM[31;1m Error] [37mFailed to create Shared Memory Manager for domain fastrtps: Permission denied[34;1m -> Function [36mcreate[m
[1.088s] [37;1m2025-10-03 00:58:09.849 [31;1m[[37;1mRTPS_PARTICIPANT[31;1m Error] [37mUnable to Register SHM Transport. SHM Transport is not supported in the current platform.[34;1m -> Function [36mRTPSParticipantImpl[m
[1.088s] [37;1m2025-10-03 00:58:09.849 [31;1m[[37;1mTRANSPORT_UDP[31;1m Error] [37mError creating socket: Operation not permitted[34;1m -> Function [36minit[m
[1.088s] [37;1m2025-10-03 00:58:09.849 [31;1m[[37;1mRTPS_PARTICIPANT[31;1m Error] [37mUser transport failed to register.[34;1m -> Function [36mRTPSParticipantImpl[m
[1.088s] [37;1m2025-10-03 00:58:09.849 [31;1m[[37;1mRTPS_PARTICIPANT[31;1m Error] [37mCannot create participant due to initialization error[34;1m -> Function [36mcreateParticipant[m
[1.088s] [37;1m2025-10-03 00:58:09.850 [31;1m[[37;1mDOMAIN_PARTICIPANT[31;1m Error] [37mProblem creating RTPSParticipant[34;1m -> Function [36menable[m
[1.088s] ----------------------------- Captured stderr call -----------------------------
[1.088s] getifaddrs: Operation not permitted
[1.088s] getifaddrs: Operation not permitted
[1.088s] getifaddrs: Operation not permitted
[1.088s] - generated xml file: /home/vincent/gz/ws_inspect/build/inspection_thermal/pytest.xml -
[1.088s] =========================== short test summary info ============================
[1.088s] FAILED tests/test_thermal_alarm.py::test_alarm_engages_and_clears - rclpy._rc...
[1.088s] ========================= 1 failed, 1 warning in 0.38s =========================
[1.250s] Invoked command in '/home/vincent/gz/ws_inspect/src/inspection_thermal' returned '1': AMENT_PREFIX_PATH=/home/vincent/gz/ws_inspect/install/inspection_thermal:${AMENT_PREFIX_PATH} CONDA_PROMPT_MODIFIER=(ros2) PATH=/home/vincent/gz/ws_inspect/install/inspection_thermal/bin:${PATH} PYTEST_ADDOPTS=--tb=short --junit-xml=/home/vincent/gz/ws_inspect/build/inspection_thermal/pytest.xml --junit-prefix=inspection_thermal -o cache_dir=/home/vincent/gz/ws_inspect/build/inspection_thermal/.pytest_cache PYTHONDONTWRITEBYTECODE=1 PYTHONPATH=/home/vincent/gz/ws_inspect/build/inspection_thermal/src:/home/vincent/gz/ws_inspect/install/inspection_thermal/lib/python3.12/site-packages:${PYTHONPATH} /usr/bin/python3 -m pytest
